{"total": {"lines":{"total":6648,"covered":1309,"skipped":0,"pct":19.69},"statements":{"total":6792,"covered":1362,"skipped":0,"pct":20.05},"functions":{"total":1306,"covered":170,"skipped":0,"pct":13.01},"branches":{"total":2394,"covered":543,"skipped":0,"pct":22.68},"branchesTrue":{"total":0,"covered":0,"skipped":0,"pct":100}}
,"/home/user/genfeed.ai/apps/server/workers/src/app.module.ts": {"lines":{"total":0,"covered":0,"skipped":0,"pct":100},"functions":{"total":0,"covered":0,"skipped":0,"pct":100},"statements":{"total":0,"covered":0,"skipped":0,"pct":100},"branches":{"total":0,"covered":0,"skipped":0,"pct":100}}
,"/home/user/genfeed.ai/apps/server/workers/src/instrument.ts": {"lines":{"total":3,"covered":0,"skipped":0,"pct":0},"functions":{"total":0,"covered":0,"skipped":0,"pct":100},"statements":{"total":3,"covered":0,"skipped":0,"pct":0},"branches":{"total":2,"covered":0,"skipped":0,"pct":0}}
,"/home/user/genfeed.ai/apps/server/workers/src/main.ts": {"lines":{"total":47,"covered":0,"skipped":0,"pct":0},"functions":{"total":18,"covered":0,"skipped":0,"pct":0},"statements":{"total":47,"covered":0,"skipped":0,"pct":0},"branches":{"total":9,"covered":0,"skipped":0,"pct":0}}
,"/home/user/genfeed.ai/apps/server/workers/src/config/config.module.ts": {"lines":{"total":1,"covered":1,"skipped":0,"pct":100},"functions":{"total":0,"covered":0,"skipped":0,"pct":100},"statements":{"total":1,"covered":1,"skipped":0,"pct":100},"branches":{"total":0,"covered":0,"skipped":0,"pct":100}}
,"/home/user/genfeed.ai/apps/server/workers/src/config/config.service.spec.ts": {"lines":{"total":102,"covered":0,"skipped":0,"pct":0},"functions":{"total":36,"covered":0,"skipped":0,"pct":0},"statements":{"total":109,"covered":0,"skipped":0,"pct":0},"branches":{"total":2,"covered":0,"skipped":0,"pct":0}}
,"/home/user/genfeed.ai/apps/server/workers/src/config/config.service.ts": {"lines":{"total":5,"covered":0,"skipped":0,"pct":0},"functions":{"total":3,"covered":0,"skipped":0,"pct":0},"statements":{"total":5,"covered":0,"skipped":0,"pct":0},"branches":{"total":4,"covered":0,"skipped":0,"pct":0}}
,"/home/user/genfeed.ai/apps/server/workers/src/crons/ad-optimization/cron.ad-optimization.module.ts": {"lines":{"total":1,"covered":0,"skipped":0,"pct":0},"functions":{"total":1,"covered":0,"skipped":0,"pct":0},"statements":{"total":1,"covered":0,"skipped":0,"pct":0},"branches":{"total":0,"covered":0,"skipped":0,"pct":100}}
,"/home/user/genfeed.ai/apps/server/workers/src/crons/ad-optimization/cron.ad-optimization.service.ts": {"lines":{"total":33,"covered":31,"skipped":0,"pct":93.93},"functions":{"total":2,"covered":2,"skipped":0,"pct":100},"statements":{"total":38,"covered":36,"skipped":0,"pct":94.73},"branches":{"total":8,"covered":6,"skipped":0,"pct":75}}
,"/home/user/genfeed.ai/apps/server/workers/src/crons/ad-sync/cron.ad-sync-google.service.ts": {"lines":{"total":12,"covered":12,"skipped":0,"pct":100},"functions":{"total":3,"covered":3,"skipped":0,"pct":100},"statements":{"total":14,"covered":14,"skipped":0,"pct":100},"branches":{"total":0,"covered":0,"skipped":0,"pct":100}}
,"/home/user/genfeed.ai/apps/server/workers/src/crons/ad-sync/cron.ad-sync-meta.service.ts": {"lines":{"total":41,"covered":33,"skipped":0,"pct":80.48},"functions":{"total":5,"covered":5,"skipped":0,"pct":100},"statements":{"total":44,"covered":36,"skipped":0,"pct":81.81},"branches":{"total":10,"covered":7,"skipped":0,"pct":70}}
,"/home/user/genfeed.ai/apps/server/workers/src/crons/ad-sync/cron.ad-sync-tiktok.service.ts": {"lines":{"total":12,"covered":12,"skipped":0,"pct":100},"functions":{"total":3,"covered":3,"skipped":0,"pct":100},"statements":{"total":14,"covered":14,"skipped":0,"pct":100},"branches":{"total":0,"covered":0,"skipped":0,"pct":100}}
,"/home/user/genfeed.ai/apps/server/workers/src/crons/ad-sync/cron.ad-sync.module.ts": {"lines":{"total":2,"covered":0,"skipped":0,"pct":0},"functions":{"total":2,"covered":0,"skipped":0,"pct":0},"statements":{"total":2,"covered":0,"skipped":0,"pct":0},"branches":{"total":0,"covered":0,"skipped":0,"pct":100}}
,"/home/user/genfeed.ai/apps/server/workers/src/crons/agent/cron.proactive-agent.module.ts": {"lines":{"total":6,"covered":0,"skipped":0,"pct":0},"functions":{"total":6,"covered":0,"skipped":0,"pct":0},"statements":{"total":6,"covered":0,"skipped":0,"pct":0},"branches":{"total":0,"covered":0,"skipped":0,"pct":100}}
,"/home/user/genfeed.ai/apps/server/workers/src/crons/agent/cron.proactive-agent.service.ts": {"lines":{"total":150,"covered":48,"skipped":0,"pct":32},"functions":{"total":12,"covered":5,"skipped":0,"pct":41.66},"statements":{"total":152,"covered":50,"skipped":0,"pct":32.89},"branches":{"total":105,"covered":21,"skipped":0,"pct":20}}
,"/home/user/genfeed.ai/apps/server/workers/src/crons/agent-campaign/cron.agent-campaign-orchestrator.module.ts": {"lines":{"total":1,"covered":0,"skipped":0,"pct":0},"functions":{"total":1,"covered":0,"skipped":0,"pct":0},"statements":{"total":1,"covered":0,"skipped":0,"pct":0},"branches":{"total":0,"covered":0,"skipped":0,"pct":100}}
,"/home/user/genfeed.ai/apps/server/workers/src/crons/agent-campaign/cron.agent-campaign-orchestrator.service.ts": {"lines":{"total":56,"covered":0,"skipped":0,"pct":0},"functions":{"total":5,"covered":0,"skipped":0,"pct":0},"statements":{"total":56,"covered":0,"skipped":0,"pct":0},"branches":{"total":25,"covered":0,"skipped":0,"pct":0}}
,"/home/user/genfeed.ai/apps/server/workers/src/crons/ai-influencer/cron.ai-influencer.module.ts": {"lines":{"total":1,"covered":0,"skipped":0,"pct":0},"functions":{"total":1,"covered":0,"skipped":0,"pct":0},"statements":{"total":1,"covered":0,"skipped":0,"pct":0},"branches":{"total":0,"covered":0,"skipped":0,"pct":100}}
,"/home/user/genfeed.ai/apps/server/workers/src/crons/ai-influencer/cron.ai-influencer.service.ts": {"lines":{"total":16,"covered":16,"skipped":0,"pct":100},"functions":{"total":2,"covered":2,"skipped":0,"pct":100},"statements":{"total":16,"covered":16,"skipped":0,"pct":100},"branches":{"total":2,"covered":2,"skipped":0,"pct":100}}
,"/home/user/genfeed.ai/apps/server/workers/src/crons/batch-generation/cron.batch-generation-reconcile.service.ts": {"lines":{"total":15,"covered":15,"skipped":0,"pct":100},"functions":{"total":3,"covered":3,"skipped":0,"pct":100},"statements":{"total":16,"covered":16,"skipped":0,"pct":100},"branches":{"total":2,"covered":2,"skipped":0,"pct":100}}
,"/home/user/genfeed.ai/apps/server/workers/src/crons/batch-generation/cron.batch-generation.module.ts": {"lines":{"total":2,"covered":0,"skipped":0,"pct":0},"functions":{"total":2,"covered":0,"skipped":0,"pct":0},"statements":{"total":2,"covered":0,"skipped":0,"pct":0},"branches":{"total":0,"covered":0,"skipped":0,"pct":100}}
,"/home/user/genfeed.ai/apps/server/workers/src/crons/byok-billing/cron.byok-billing.module.ts": {"lines":{"total":2,"covered":0,"skipped":0,"pct":0},"functions":{"total":2,"covered":0,"skipped":0,"pct":0},"statements":{"total":2,"covered":0,"skipped":0,"pct":0},"branches":{"total":0,"covered":0,"skipped":0,"pct":100}}
,"/home/user/genfeed.ai/apps/server/workers/src/crons/byok-billing/cron.byok-billing.service.ts": {"lines":{"total":30,"covered":30,"skipped":0,"pct":100},"functions":{"total":2,"covered":2,"skipped":0,"pct":100},"statements":{"total":31,"covered":31,"skipped":0,"pct":100},"branches":{"total":8,"covered":7,"skipped":0,"pct":87.5}}
,"/home/user/genfeed.ai/apps/server/workers/src/crons/content-engine/cron.content-engine.module.ts": {"lines":{"total":2,"covered":0,"skipped":0,"pct":0},"functions":{"total":2,"covered":0,"skipped":0,"pct":0},"statements":{"total":2,"covered":0,"skipped":0,"pct":0},"branches":{"total":0,"covered":0,"skipped":0,"pct":100}}
,"/home/user/genfeed.ai/apps/server/workers/src/crons/content-engine/cron.content-engine.service.ts": {"lines":{"total":47,"covered":45,"skipped":0,"pct":95.74},"functions":{"total":4,"covered":4,"skipped":0,"pct":100},"statements":{"total":47,"covered":45,"skipped":0,"pct":95.74},"branches":{"total":15,"covered":12,"skipped":0,"pct":80}}
,"/home/user/genfeed.ai/apps/server/workers/src/crons/credentials/cron.credentials.module.ts": {"lines":{"total":10,"covered":0,"skipped":0,"pct":0},"functions":{"total":10,"covered":0,"skipped":0,"pct":0},"statements":{"total":10,"covered":0,"skipped":0,"pct":0},"branches":{"total":0,"covered":0,"skipped":0,"pct":100}}
,"/home/user/genfeed.ai/apps/server/workers/src/crons/credentials/cron.credentials.service.ts": {"lines":{"total":46,"covered":14,"skipped":0,"pct":30.43},"functions":{"total":5,"covered":1,"skipped":0,"pct":20},"statements":{"total":47,"covered":15,"skipped":0,"pct":31.91},"branches":{"total":15,"covered":0,"skipped":0,"pct":0}}
,"/home/user/genfeed.ai/apps/server/workers/src/crons/dynamic-jobs/cron.dynamic-jobs.module.ts": {"lines":{"total":0,"covered":0,"skipped":0,"pct":100},"functions":{"total":0,"covered":0,"skipped":0,"pct":100},"statements":{"total":0,"covered":0,"skipped":0,"pct":100},"branches":{"total":0,"covered":0,"skipped":0,"pct":100}}
,"/home/user/genfeed.ai/apps/server/workers/src/crons/dynamic-jobs/cron.dynamic-jobs.service.ts": {"lines":{"total":14,"covered":14,"skipped":0,"pct":100},"functions":{"total":2,"covered":2,"skipped":0,"pct":100},"statements":{"total":14,"covered":14,"skipped":0,"pct":100},"branches":{"total":2,"covered":2,"skipped":0,"pct":100}}
,"/home/user/genfeed.ai/apps/server/workers/src/crons/fal-model-watcher/cron.fal-model-watcher.module.ts": {"lines":{"total":1,"covered":0,"skipped":0,"pct":0},"functions":{"total":1,"covered":0,"skipped":0,"pct":0},"statements":{"total":1,"covered":0,"skipped":0,"pct":0},"branches":{"total":0,"covered":0,"skipped":0,"pct":100}}
,"/home/user/genfeed.ai/apps/server/workers/src/crons/fal-model-watcher/cron.fal-model-watcher.service.ts": {"lines":{"total":103,"covered":96,"skipped":0,"pct":93.2},"functions":{"total":15,"covered":14,"skipped":0,"pct":93.33},"statements":{"total":105,"covered":97,"skipped":0,"pct":92.38},"branches":{"total":44,"covered":35,"skipped":0,"pct":79.54}}
,"/home/user/genfeed.ai/apps/server/workers/src/crons/ingredients/cron.ingredients.module.ts": {"lines":{"total":3,"covered":0,"skipped":0,"pct":0},"functions":{"total":3,"covered":0,"skipped":0,"pct":0},"statements":{"total":3,"covered":0,"skipped":0,"pct":0},"branches":{"total":0,"covered":0,"skipped":0,"pct":100}}
,"/home/user/genfeed.ai/apps/server/workers/src/crons/ingredients/cron.ingredients.service.ts": {"lines":{"total":113,"covered":102,"skipped":0,"pct":90.26},"functions":{"total":9,"covered":9,"skipped":0,"pct":100},"statements":{"total":114,"covered":103,"skipped":0,"pct":90.35},"branches":{"total":53,"covered":35,"skipped":0,"pct":66.03}}
,"/home/user/genfeed.ai/apps/server/workers/src/crons/llm-idle/cron.llm-idle.module.ts": {"lines":{"total":0,"covered":0,"skipped":0,"pct":100},"functions":{"total":0,"covered":0,"skipped":0,"pct":100},"statements":{"total":0,"covered":0,"skipped":0,"pct":100},"branches":{"total":0,"covered":0,"skipped":0,"pct":100}}
,"/home/user/genfeed.ai/apps/server/workers/src/crons/llm-idle/cron.llm-idle.service.ts": {"lines":{"total":31,"covered":31,"skipped":0,"pct":100},"functions":{"total":4,"covered":4,"skipped":0,"pct":100},"statements":{"total":36,"covered":36,"skipped":0,"pct":100},"branches":{"total":20,"covered":19,"skipped":0,"pct":95}}
,"/home/user/genfeed.ai/apps/server/workers/src/crons/model-deprecation/cron.model-deprecation.module.ts": {"lines":{"total":1,"covered":0,"skipped":0,"pct":0},"functions":{"total":1,"covered":0,"skipped":0,"pct":0},"statements":{"total":1,"covered":0,"skipped":0,"pct":0},"branches":{"total":0,"covered":0,"skipped":0,"pct":100}}
,"/home/user/genfeed.ai/apps/server/workers/src/crons/model-deprecation/cron.model-deprecation.service.ts": {"lines":{"total":87,"covered":74,"skipped":0,"pct":85.05},"functions":{"total":9,"covered":9,"skipped":0,"pct":100},"statements":{"total":89,"covered":76,"skipped":0,"pct":85.39},"branches":{"total":38,"covered":29,"skipped":0,"pct":76.31}}
,"/home/user/genfeed.ai/apps/server/workers/src/crons/model-watcher/cron.model-watcher.module.ts": {"lines":{"total":1,"covered":0,"skipped":0,"pct":0},"functions":{"total":1,"covered":0,"skipped":0,"pct":0},"statements":{"total":1,"covered":0,"skipped":0,"pct":0},"branches":{"total":0,"covered":0,"skipped":0,"pct":100}}
,"/home/user/genfeed.ai/apps/server/workers/src/crons/model-watcher/cron.model-watcher.service.ts": {"lines":{"total":97,"covered":84,"skipped":0,"pct":86.59},"functions":{"total":13,"covered":12,"skipped":0,"pct":92.3},"statements":{"total":99,"covered":85,"skipped":0,"pct":85.85},"branches":{"total":38,"covered":24,"skipped":0,"pct":63.15}}
,"/home/user/genfeed.ai/apps/server/workers/src/crons/pattern-extraction/cron.pattern-extraction.module.ts": {"lines":{"total":1,"covered":0,"skipped":0,"pct":0},"functions":{"total":1,"covered":0,"skipped":0,"pct":0},"statements":{"total":1,"covered":0,"skipped":0,"pct":0},"branches":{"total":0,"covered":0,"skipped":0,"pct":100}}
,"/home/user/genfeed.ai/apps/server/workers/src/crons/pattern-extraction/cron.pattern-extraction.service.ts": {"lines":{"total":13,"covered":13,"skipped":0,"pct":100},"functions":{"total":2,"covered":2,"skipped":0,"pct":100},"statements":{"total":15,"covered":15,"skipped":0,"pct":100},"branches":{"total":0,"covered":0,"skipped":0,"pct":100}}
,"/home/user/genfeed.ai/apps/server/workers/src/crons/posts/cron.posts.module.ts": {"lines":{"total":10,"covered":0,"skipped":0,"pct":0},"functions":{"total":10,"covered":0,"skipped":0,"pct":0},"statements":{"total":10,"covered":0,"skipped":0,"pct":0},"branches":{"total":0,"covered":0,"skipped":0,"pct":100}}
,"/home/user/genfeed.ai/apps/server/workers/src/crons/posts/cron.posts.service.ts": {"lines":{"total":221,"covered":167,"skipped":0,"pct":75.56},"functions":{"total":24,"covered":21,"skipped":0,"pct":87.5},"statements":{"total":223,"covered":169,"skipped":0,"pct":75.78},"branches":{"total":216,"covered":142,"skipped":0,"pct":65.74}}
,"/home/user/genfeed.ai/apps/server/workers/src/crons/reply-bot/cron.reply-bot.module.ts": {"lines":{"total":0,"covered":0,"skipped":0,"pct":100},"functions":{"total":0,"covered":0,"skipped":0,"pct":100},"statements":{"total":0,"covered":0,"skipped":0,"pct":100},"branches":{"total":0,"covered":0,"skipped":0,"pct":100}}
,"/home/user/genfeed.ai/apps/server/workers/src/crons/reply-bot/cron.reply-bot.service.ts": {"lines":{"total":58,"covered":54,"skipped":0,"pct":93.1},"functions":{"total":7,"covered":7,"skipped":0,"pct":100},"statements":{"total":59,"covered":55,"skipped":0,"pct":93.22},"branches":{"total":29,"covered":22,"skipped":0,"pct":75.86}}
,"/home/user/genfeed.ai/apps/server/workers/src/crons/review-gate/cron.review-gate-timeout.service.ts": {"lines":{"total":25,"covered":25,"skipped":0,"pct":100},"functions":{"total":3,"covered":3,"skipped":0,"pct":100},"statements":{"total":26,"covered":26,"skipped":0,"pct":100},"branches":{"total":8,"covered":7,"skipped":0,"pct":87.5}}
,"/home/user/genfeed.ai/apps/server/workers/src/crons/review-gate/cron.review-gate.module.ts": {"lines":{"total":0,"covered":0,"skipped":0,"pct":100},"functions":{"total":0,"covered":0,"skipped":0,"pct":100},"statements":{"total":0,"covered":0,"skipped":0,"pct":100},"branches":{"total":0,"covered":0,"skipped":0,"pct":100}}
,"/home/user/genfeed.ai/apps/server/workers/src/crons/streaks/cron.streaks.module.ts": {"lines":{"total":0,"covered":0,"skipped":0,"pct":100},"functions":{"total":0,"covered":0,"skipped":0,"pct":100},"statements":{"total":0,"covered":0,"skipped":0,"pct":100},"branches":{"total":0,"covered":0,"skipped":0,"pct":100}}
,"/home/user/genfeed.ai/apps/server/workers/src/crons/streaks/cron.streaks.service.ts": {"lines":{"total":15,"covered":15,"skipped":0,"pct":100},"functions":{"total":3,"covered":3,"skipped":0,"pct":100},"statements":{"total":15,"covered":15,"skipped":0,"pct":100},"branches":{"total":0,"covered":0,"skipped":0,"pct":100}}
,"/home/user/genfeed.ai/apps/server/workers/src/crons/tiktok/cron.tiktok-status.service.ts": {"lines":{"total":111,"covered":69,"skipped":0,"pct":62.16},"functions":{"total":11,"covered":7,"skipped":0,"pct":63.63},"statements":{"total":114,"covered":72,"skipped":0,"pct":63.15},"branches":{"total":56,"covered":25,"skipped":0,"pct":44.64}}
,"/home/user/genfeed.ai/apps/server/workers/src/crons/tiktok/cron.tiktok.module.ts": {"lines":{"total":5,"covered":0,"skipped":0,"pct":0},"functions":{"total":5,"covered":0,"skipped":0,"pct":0},"statements":{"total":5,"covered":0,"skipped":0,"pct":0},"branches":{"total":0,"covered":0,"skipped":0,"pct":100}}
,"/home/user/genfeed.ai/apps/server/workers/src/crons/trends/cron.trend-summary-notifications.service.ts": {"lines":{"total":67,"covered":61,"skipped":0,"pct":91.04},"functions":{"total":15,"covered":15,"skipped":0,"pct":100},"statements":{"total":74,"covered":68,"skipped":0,"pct":91.89},"branches":{"total":41,"covered":29,"skipped":0,"pct":70.73}}
,"/home/user/genfeed.ai/apps/server/workers/src/crons/trends/cron.trends.module.ts": {"lines":{"total":0,"covered":0,"skipped":0,"pct":100},"functions":{"total":0,"covered":0,"skipped":0,"pct":100},"statements":{"total":0,"covered":0,"skipped":0,"pct":100},"branches":{"total":0,"covered":0,"skipped":0,"pct":100}}
,"/home/user/genfeed.ai/apps/server/workers/src/crons/trends/cron.trends.service.ts": {"lines":{"total":62,"covered":55,"skipped":0,"pct":88.7},"functions":{"total":6,"covered":6,"skipped":0,"pct":100},"statements":{"total":68,"covered":61,"skipped":0,"pct":89.7},"branches":{"total":18,"covered":16,"skipped":0,"pct":88.88}}
,"/home/user/genfeed.ai/apps/server/workers/src/crons/workflows/cron.workflows.module.ts": {"lines":{"total":0,"covered":0,"skipped":0,"pct":100},"functions":{"total":0,"covered":0,"skipped":0,"pct":100},"statements":{"total":0,"covered":0,"skipped":0,"pct":100},"branches":{"total":0,"covered":0,"skipped":0,"pct":100}}
,"/home/user/genfeed.ai/apps/server/workers/src/crons/workflows/cron.workflows.service.ts": {"lines":{"total":159,"covered":26,"skipped":0,"pct":16.35},"functions":{"total":15,"covered":2,"skipped":0,"pct":13.33},"statements":{"total":163,"covered":26,"skipped":0,"pct":15.95},"branches":{"total":87,"covered":2,"skipped":0,"pct":2.29}}
,"/home/user/genfeed.ai/apps/server/workers/src/crons/workflows/task-types/generate-article.task.ts": {"lines":{"total":73,"covered":0,"skipped":0,"pct":0},"functions":{"total":15,"covered":0,"skipped":0,"pct":0},"statements":{"total":73,"covered":0,"skipped":0,"pct":0},"branches":{"total":58,"covered":0,"skipped":0,"pct":0}}
,"/home/user/genfeed.ai/apps/server/workers/src/crons/workflows/task-types/generate-image.task.ts": {"lines":{"total":75,"covered":0,"skipped":0,"pct":0},"functions":{"total":7,"covered":0,"skipped":0,"pct":0},"statements":{"total":79,"covered":0,"skipped":0,"pct":0},"branches":{"total":77,"covered":0,"skipped":0,"pct":0}}
,"/home/user/genfeed.ai/apps/server/workers/src/crons/workflows/task-types/generate-music.task.ts": {"lines":{"total":83,"covered":0,"skipped":0,"pct":0},"functions":{"total":10,"covered":0,"skipped":0,"pct":0},"statements":{"total":83,"covered":0,"skipped":0,"pct":0},"branches":{"total":57,"covered":0,"skipped":0,"pct":0}}
,"/home/user/genfeed.ai/apps/server/workers/src/crons/workflows/task-types/generate-video.task.ts": {"lines":{"total":146,"covered":44,"skipped":0,"pct":30.13},"functions":{"total":14,"covered":7,"skipped":0,"pct":50},"statements":{"total":147,"covered":44,"skipped":0,"pct":29.93},"branches":{"total":144,"covered":26,"skipped":0,"pct":18.05}}
,"/home/user/genfeed.ai/apps/server/workers/src/crons/youtube/cron.youtube-analytics.service.ts": {"lines":{"total":43,"covered":6,"skipped":0,"pct":13.95},"functions":{"total":3,"covered":1,"skipped":0,"pct":33.33},"statements":{"total":48,"covered":9,"skipped":0,"pct":18.75},"branches":{"total":16,"covered":0,"skipped":0,"pct":0}}
,"/home/user/genfeed.ai/apps/server/workers/src/crons/youtube/cron.youtube-messages.service.ts": {"lines":{"total":20,"covered":0,"skipped":0,"pct":0},"functions":{"total":2,"covered":0,"skipped":0,"pct":0},"statements":{"total":21,"covered":0,"skipped":0,"pct":0},"branches":{"total":4,"covered":0,"skipped":0,"pct":0}}
,"/home/user/genfeed.ai/apps/server/workers/src/crons/youtube/cron.youtube-status.service.ts": {"lines":{"total":65,"covered":52,"skipped":0,"pct":80},"functions":{"total":6,"covered":6,"skipped":0,"pct":100},"statements":{"total":66,"covered":53,"skipped":0,"pct":80.3},"branches":{"total":48,"covered":31,"skipped":0,"pct":64.58}}
,"/home/user/genfeed.ai/apps/server/workers/src/crons/youtube/cron.youtube.module.ts": {"lines":{"total":6,"covered":0,"skipped":0,"pct":0},"functions":{"total":6,"covered":0,"skipped":0,"pct":0},"statements":{"total":6,"covered":0,"skipped":0,"pct":0},"branches":{"total":0,"covered":0,"skipped":0,"pct":100}}
,"/home/user/genfeed.ai/apps/server/workers/src/interfaces/model-discovery.interface.ts": {"lines":{"total":0,"covered":0,"skipped":0,"pct":100},"functions":{"total":0,"covered":0,"skipped":0,"pct":100},"statements":{"total":0,"covered":0,"skipped":0,"pct":100},"branches":{"total":0,"covered":0,"skipped":0,"pct":100}}
,"/home/user/genfeed.ai/apps/server/workers/src/processors/processors.module.ts": {"lines":{"total":44,"covered":0,"skipped":0,"pct":0},"functions":{"total":44,"covered":0,"skipped":0,"pct":0},"statements":{"total":44,"covered":0,"skipped":0,"pct":0},"branches":{"total":0,"covered":0,"skipped":0,"pct":100}}
,"/home/user/genfeed.ai/apps/server/workers/src/processors/api/collections/articles/processors/article-generation.processor.spec.ts": {"lines":{"total":107,"covered":0,"skipped":0,"pct":0},"functions":{"total":19,"covered":0,"skipped":0,"pct":0},"statements":{"total":107,"covered":0,"skipped":0,"pct":0},"branches":{"total":2,"covered":0,"skipped":0,"pct":0}}
,"/home/user/genfeed.ai/apps/server/workers/src/processors/api/collections/articles/processors/article-generation.processor.ts": {"lines":{"total":12,"covered":0,"skipped":0,"pct":0},"functions":{"total":2,"covered":0,"skipped":0,"pct":0},"statements":{"total":12,"covered":0,"skipped":0,"pct":0},"branches":{"total":4,"covered":0,"skipped":0,"pct":0}}
,"/home/user/genfeed.ai/apps/server/workers/src/processors/api/collections/workflows/services/batch-workflow.processor.spec.ts": {"lines":{"total":35,"covered":0,"skipped":0,"pct":0},"functions":{"total":7,"covered":0,"skipped":0,"pct":0},"statements":{"total":36,"covered":0,"skipped":0,"pct":0},"branches":{"total":1,"covered":0,"skipped":0,"pct":0}}
,"/home/user/genfeed.ai/apps/server/workers/src/processors/api/collections/workflows/services/batch-workflow.processor.ts": {"lines":{"total":75,"covered":0,"skipped":0,"pct":0},"functions":{"total":11,"covered":0,"skipped":0,"pct":0},"statements":{"total":75,"covered":0,"skipped":0,"pct":0},"branches":{"total":64,"covered":0,"skipped":0,"pct":0}}
,"/home/user/genfeed.ai/apps/server/workers/src/processors/api/collections/workflows/services/workflow-execution.processor.spec.ts": {"lines":{"total":73,"covered":0,"skipped":0,"pct":0},"functions":{"total":25,"covered":0,"skipped":0,"pct":0},"statements":{"total":73,"covered":0,"skipped":0,"pct":0},"branches":{"total":1,"covered":0,"skipped":0,"pct":0}}
,"/home/user/genfeed.ai/apps/server/workers/src/processors/api/collections/workflows/services/workflow-execution.processor.ts": {"lines":{"total":47,"covered":0,"skipped":0,"pct":0},"functions":{"total":9,"covered":0,"skipped":0,"pct":0},"statements":{"total":47,"covered":0,"skipped":0,"pct":0},"branches":{"total":22,"covered":0,"skipped":0,"pct":0}}
,"/home/user/genfeed.ai/apps/server/workers/src/processors/api/queues/ad-bulk-upload/ad-bulk-upload.processor.spec.ts": {"lines":{"total":61,"covered":0,"skipped":0,"pct":0},"functions":{"total":11,"covered":0,"skipped":0,"pct":0},"statements":{"total":61,"covered":0,"skipped":0,"pct":0},"branches":{"total":0,"covered":0,"skipped":0,"pct":100}}
,"/home/user/genfeed.ai/apps/server/workers/src/processors/api/queues/ad-bulk-upload/ad-bulk-upload.processor.ts": {"lines":{"total":62,"covered":0,"skipped":0,"pct":0},"functions":{"total":7,"covered":0,"skipped":0,"pct":0},"statements":{"total":64,"covered":0,"skipped":0,"pct":0},"branches":{"total":14,"covered":0,"skipped":0,"pct":0}}
,"/home/user/genfeed.ai/apps/server/workers/src/processors/api/queues/ad-optimization/ad-optimization.processor.spec.ts": {"lines":{"total":72,"covered":0,"skipped":0,"pct":0},"functions":{"total":14,"covered":0,"skipped":0,"pct":0},"statements":{"total":72,"covered":0,"skipped":0,"pct":0},"branches":{"total":0,"covered":0,"skipped":0,"pct":100}}
,"/home/user/genfeed.ai/apps/server/workers/src/processors/api/queues/ad-optimization/ad-optimization.processor.ts": {"lines":{"total":81,"covered":0,"skipped":0,"pct":0},"functions":{"total":13,"covered":0,"skipped":0,"pct":0},"statements":{"total":85,"covered":0,"skipped":0,"pct":0},"branches":{"total":48,"covered":0,"skipped":0,"pct":0}}
,"/home/user/genfeed.ai/apps/server/workers/src/processors/api/queues/ad-sync-google/ad-sync-google.processor.spec.ts": {"lines":{"total":29,"covered":0,"skipped":0,"pct":0},"functions":{"total":7,"covered":0,"skipped":0,"pct":0},"statements":{"total":29,"covered":0,"skipped":0,"pct":0},"branches":{"total":0,"covered":0,"skipped":0,"pct":100}}
,"/home/user/genfeed.ai/apps/server/workers/src/processors/api/queues/ad-sync-google/ad-sync-google.processor.ts": {"lines":{"total":17,"covered":0,"skipped":0,"pct":0},"functions":{"total":5,"covered":0,"skipped":0,"pct":0},"statements":{"total":18,"covered":0,"skipped":0,"pct":0},"branches":{"total":2,"covered":0,"skipped":0,"pct":0}}
,"/home/user/genfeed.ai/apps/server/workers/src/processors/api/queues/ad-sync-meta/ad-sync-meta.processor.spec.ts": {"lines":{"total":48,"covered":0,"skipped":0,"pct":0},"functions":{"total":11,"covered":0,"skipped":0,"pct":0},"statements":{"total":48,"covered":0,"skipped":0,"pct":0},"branches":{"total":0,"covered":0,"skipped":0,"pct":100}}
,"/home/user/genfeed.ai/apps/server/workers/src/processors/api/queues/ad-sync-meta/ad-sync-meta.processor.ts": {"lines":{"total":31,"covered":0,"skipped":0,"pct":0},"functions":{"total":8,"covered":0,"skipped":0,"pct":0},"statements":{"total":32,"covered":0,"skipped":0,"pct":0},"branches":{"total":10,"covered":0,"skipped":0,"pct":0}}
,"/home/user/genfeed.ai/apps/server/workers/src/processors/api/queues/ad-sync-tiktok/ad-sync-tiktok.processor.spec.ts": {"lines":{"total":53,"covered":0,"skipped":0,"pct":0},"functions":{"total":14,"covered":0,"skipped":0,"pct":0},"statements":{"total":54,"covered":0,"skipped":0,"pct":0},"branches":{"total":3,"covered":0,"skipped":0,"pct":0}}
,"/home/user/genfeed.ai/apps/server/workers/src/processors/api/queues/ad-sync-tiktok/ad-sync-tiktok.processor.ts": {"lines":{"total":17,"covered":0,"skipped":0,"pct":0},"functions":{"total":5,"covered":0,"skipped":0,"pct":0},"statements":{"total":18,"covered":0,"skipped":0,"pct":0},"branches":{"total":2,"covered":0,"skipped":0,"pct":0}}
,"/home/user/genfeed.ai/apps/server/workers/src/processors/api/queues/agent-run/agent-run.processor.spec.ts": {"lines":{"total":103,"covered":0,"skipped":0,"pct":0},"functions":{"total":15,"covered":0,"skipped":0,"pct":0},"statements":{"total":103,"covered":0,"skipped":0,"pct":0},"branches":{"total":0,"covered":0,"skipped":0,"pct":100}}
,"/home/user/genfeed.ai/apps/server/workers/src/processors/api/queues/agent-run/agent-run.processor.ts": {"lines":{"total":86,"covered":0,"skipped":0,"pct":0},"functions":{"total":18,"covered":0,"skipped":0,"pct":0},"statements":{"total":86,"covered":0,"skipped":0,"pct":0},"branches":{"total":95,"covered":0,"skipped":0,"pct":0}}
,"/home/user/genfeed.ai/apps/server/workers/src/processors/api/queues/analytics-facebook/analytics-facebook.processor.spec.ts": {"lines":{"total":53,"covered":0,"skipped":0,"pct":0},"functions":{"total":10,"covered":0,"skipped":0,"pct":0},"statements":{"total":53,"covered":0,"skipped":0,"pct":0},"branches":{"total":0,"covered":0,"skipped":0,"pct":100}}
,"/home/user/genfeed.ai/apps/server/workers/src/processors/api/queues/analytics-facebook/analytics-facebook.processor.ts": {"lines":{"total":47,"covered":0,"skipped":0,"pct":0},"functions":{"total":6,"covered":0,"skipped":0,"pct":0},"statements":{"total":49,"covered":0,"skipped":0,"pct":0},"branches":{"total":14,"covered":0,"skipped":0,"pct":0}}
,"/home/user/genfeed.ai/apps/server/workers/src/processors/api/queues/analytics-social/analytics-social.processor.spec.ts": {"lines":{"total":14,"covered":0,"skipped":0,"pct":0},"functions":{"total":5,"covered":0,"skipped":0,"pct":0},"statements":{"total":14,"covered":0,"skipped":0,"pct":0},"branches":{"total":1,"covered":0,"skipped":0,"pct":0}}
,"/home/user/genfeed.ai/apps/server/workers/src/processors/api/queues/analytics-social/analytics-social.processor.ts": {"lines":{"total":9,"covered":0,"skipped":0,"pct":0},"functions":{"total":4,"covered":0,"skipped":0,"pct":0},"statements":{"total":10,"covered":0,"skipped":0,"pct":0},"branches":{"total":2,"covered":0,"skipped":0,"pct":0}}
,"/home/user/genfeed.ai/apps/server/workers/src/processors/api/queues/analytics-sync/analytics-sync.processor.spec.ts": {"lines":{"total":21,"covered":0,"skipped":0,"pct":0},"functions":{"total":5,"covered":0,"skipped":0,"pct":0},"statements":{"total":21,"covered":0,"skipped":0,"pct":0},"branches":{"total":0,"covered":0,"skipped":0,"pct":100}}
,"/home/user/genfeed.ai/apps/server/workers/src/processors/api/queues/analytics-sync/analytics-sync.processor.ts": {"lines":{"total":22,"covered":0,"skipped":0,"pct":0},"functions":{"total":4,"covered":0,"skipped":0,"pct":0},"statements":{"total":23,"covered":0,"skipped":0,"pct":0},"branches":{"total":10,"covered":0,"skipped":0,"pct":0}}
,"/home/user/genfeed.ai/apps/server/workers/src/processors/api/queues/analytics-threads/analytics-threads.processor.spec.ts": {"lines":{"total":42,"covered":0,"skipped":0,"pct":0},"functions":{"total":8,"covered":0,"skipped":0,"pct":0},"statements":{"total":42,"covered":0,"skipped":0,"pct":0},"branches":{"total":0,"covered":0,"skipped":0,"pct":100}}
,"/home/user/genfeed.ai/apps/server/workers/src/processors/api/queues/analytics-threads/analytics-threads.processor.ts": {"lines":{"total":43,"covered":0,"skipped":0,"pct":0},"functions":{"total":6,"covered":0,"skipped":0,"pct":0},"statements":{"total":45,"covered":0,"skipped":0,"pct":0},"branches":{"total":10,"covered":0,"skipped":0,"pct":0}}
,"/home/user/genfeed.ai/apps/server/workers/src/processors/api/queues/analytics-twitter/analytics-twitter.processor.spec.ts": {"lines":{"total":34,"covered":0,"skipped":0,"pct":0},"functions":{"total":10,"covered":0,"skipped":0,"pct":0},"statements":{"total":35,"covered":0,"skipped":0,"pct":0},"branches":{"total":1,"covered":0,"skipped":0,"pct":0}}
,"/home/user/genfeed.ai/apps/server/workers/src/processors/api/queues/analytics-twitter/analytics-twitter.processor.ts": {"lines":{"total":9,"covered":0,"skipped":0,"pct":0},"functions":{"total":4,"covered":0,"skipped":0,"pct":0},"statements":{"total":10,"covered":0,"skipped":0,"pct":0},"branches":{"total":2,"covered":0,"skipped":0,"pct":0}}
,"/home/user/genfeed.ai/apps/server/workers/src/processors/api/queues/analytics-youtube/analytics-youtube.processor.spec.ts": {"lines":{"total":33,"covered":0,"skipped":0,"pct":0},"functions":{"total":9,"covered":0,"skipped":0,"pct":0},"statements":{"total":33,"covered":0,"skipped":0,"pct":0},"branches":{"total":1,"covered":0,"skipped":0,"pct":0}}
,"/home/user/genfeed.ai/apps/server/workers/src/processors/api/queues/analytics-youtube/analytics-youtube.processor.ts": {"lines":{"total":9,"covered":0,"skipped":0,"pct":0},"functions":{"total":4,"covered":0,"skipped":0,"pct":0},"statements":{"total":10,"covered":0,"skipped":0,"pct":0},"branches":{"total":2,"covered":0,"skipped":0,"pct":0}}
,"/home/user/genfeed.ai/apps/server/workers/src/processors/api/queues/batch-generation/batch-generation.processor.spec.ts": {"lines":{"total":30,"covered":0,"skipped":0,"pct":0},"functions":{"total":8,"covered":0,"skipped":0,"pct":0},"statements":{"total":30,"covered":0,"skipped":0,"pct":0},"branches":{"total":0,"covered":0,"skipped":0,"pct":100}}
,"/home/user/genfeed.ai/apps/server/workers/src/processors/api/queues/batch-generation/batch-generation.processor.ts": {"lines":{"total":21,"covered":0,"skipped":0,"pct":0},"functions":{"total":6,"covered":0,"skipped":0,"pct":0},"statements":{"total":21,"covered":0,"skipped":0,"pct":0},"branches":{"total":8,"covered":0,"skipped":0,"pct":0}}
,"/home/user/genfeed.ai/apps/server/workers/src/processors/api/queues/campaign/campaign.processor.spec.ts": {"lines":{"total":51,"covered":0,"skipped":0,"pct":0},"functions":{"total":9,"covered":0,"skipped":0,"pct":0},"statements":{"total":51,"covered":0,"skipped":0,"pct":0},"branches":{"total":0,"covered":0,"skipped":0,"pct":100}}
,"/home/user/genfeed.ai/apps/server/workers/src/processors/api/queues/campaign/campaign.processor.ts": {"lines":{"total":33,"covered":0,"skipped":0,"pct":0},"functions":{"total":5,"covered":0,"skipped":0,"pct":0},"statements":{"total":34,"covered":0,"skipped":0,"pct":0},"branches":{"total":12,"covered":0,"skipped":0,"pct":0}}
,"/home/user/genfeed.ai/apps/server/workers/src/processors/api/queues/clip-analyze/clip-analyze.processor.spec.ts": {"lines":{"total":78,"covered":0,"skipped":0,"pct":0},"functions":{"total":17,"covered":0,"skipped":0,"pct":0},"statements":{"total":78,"covered":0,"skipped":0,"pct":0},"branches":{"total":1,"covered":0,"skipped":0,"pct":0}}
,"/home/user/genfeed.ai/apps/server/workers/src/processors/api/queues/clip-analyze/clip-analyze.processor.ts": {"lines":{"total":75,"covered":0,"skipped":0,"pct":0},"functions":{"total":18,"covered":0,"skipped":0,"pct":0},"statements":{"total":77,"covered":0,"skipped":0,"pct":0},"branches":{"total":50,"covered":0,"skipped":0,"pct":0}}
,"/home/user/genfeed.ai/apps/server/workers/src/processors/api/queues/clip-factory/clip-factory.processor.spec.ts": {"lines":{"total":77,"covered":0,"skipped":0,"pct":0},"functions":{"total":22,"covered":0,"skipped":0,"pct":0},"statements":{"total":77,"covered":0,"skipped":0,"pct":0},"branches":{"total":8,"covered":0,"skipped":0,"pct":0}}
,"/home/user/genfeed.ai/apps/server/workers/src/processors/api/queues/clip-factory/clip-factory.processor.ts": {"lines":{"total":59,"covered":0,"skipped":0,"pct":0},"functions":{"total":8,"covered":0,"skipped":0,"pct":0},"statements":{"total":60,"covered":0,"skipped":0,"pct":0},"branches":{"total":41,"covered":0,"skipped":0,"pct":0}}
,"/home/user/genfeed.ai/apps/server/workers/src/processors/api/queues/credit-deduction/credit-deduction.processor.spec.ts": {"lines":{"total":50,"covered":0,"skipped":0,"pct":0},"functions":{"total":12,"covered":0,"skipped":0,"pct":0},"statements":{"total":50,"covered":0,"skipped":0,"pct":0},"branches":{"total":0,"covered":0,"skipped":0,"pct":100}}
,"/home/user/genfeed.ai/apps/server/workers/src/processors/api/queues/credit-deduction/credit-deduction.processor.ts": {"lines":{"total":35,"covered":0,"skipped":0,"pct":0},"functions":{"total":3,"covered":0,"skipped":0,"pct":0},"statements":{"total":35,"covered":0,"skipped":0,"pct":0},"branches":{"total":14,"covered":0,"skipped":0,"pct":0}}
,"/home/user/genfeed.ai/apps/server/workers/src/processors/api/queues/email-digest/email-digest.processor.spec.ts": {"lines":{"total":32,"covered":0,"skipped":0,"pct":0},"functions":{"total":8,"covered":0,"skipped":0,"pct":0},"statements":{"total":32,"covered":0,"skipped":0,"pct":0},"branches":{"total":0,"covered":0,"skipped":0,"pct":100}}
,"/home/user/genfeed.ai/apps/server/workers/src/processors/api/queues/email-digest/email-digest.processor.ts": {"lines":{"total":15,"covered":0,"skipped":0,"pct":0},"functions":{"total":4,"covered":0,"skipped":0,"pct":0},"statements":{"total":16,"covered":0,"skipped":0,"pct":0},"branches":{"total":2,"covered":0,"skipped":0,"pct":0}}
,"/home/user/genfeed.ai/apps/server/workers/src/processors/api/queues/heygen-poll/heygen-poll.processor.spec.ts": {"lines":{"total":45,"covered":0,"skipped":0,"pct":0},"functions":{"total":10,"covered":0,"skipped":0,"pct":0},"statements":{"total":45,"covered":0,"skipped":0,"pct":0},"branches":{"total":0,"covered":0,"skipped":0,"pct":100}}
,"/home/user/genfeed.ai/apps/server/workers/src/processors/api/queues/heygen-poll/heygen-poll.processor.ts": {"lines":{"total":30,"covered":0,"skipped":0,"pct":0},"functions":{"total":6,"covered":0,"skipped":0,"pct":0},"statements":{"total":30,"covered":0,"skipped":0,"pct":0},"branches":{"total":14,"covered":0,"skipped":0,"pct":0}}
,"/home/user/genfeed.ai/apps/server/workers/src/processors/api/queues/lifecycle-email/lifecycle-email.processor.spec.ts": {"lines":{"total":16,"covered":0,"skipped":0,"pct":0},"functions":{"total":5,"covered":0,"skipped":0,"pct":0},"statements":{"total":16,"covered":0,"skipped":0,"pct":0},"branches":{"total":0,"covered":0,"skipped":0,"pct":100}}
,"/home/user/genfeed.ai/apps/server/workers/src/processors/api/queues/lifecycle-email/lifecycle-email.processor.ts": {"lines":{"total":10,"covered":0,"skipped":0,"pct":0},"functions":{"total":3,"covered":0,"skipped":0,"pct":0},"statements":{"total":10,"covered":0,"skipped":0,"pct":0},"branches":{"total":2,"covered":0,"skipped":0,"pct":0}}
,"/home/user/genfeed.ai/apps/server/workers/src/processors/api/queues/pattern-extraction/pattern-extraction.processor.spec.ts": {"lines":{"total":82,"covered":0,"skipped":0,"pct":0},"functions":{"total":20,"covered":0,"skipped":0,"pct":0},"statements":{"total":84,"covered":0,"skipped":0,"pct":0},"branches":{"total":0,"covered":0,"skipped":0,"pct":100}}
,"/home/user/genfeed.ai/apps/server/workers/src/processors/api/queues/pattern-extraction/pattern-extraction.processor.ts": {"lines":{"total":110,"covered":0,"skipped":0,"pct":0},"functions":{"total":13,"covered":0,"skipped":0,"pct":0},"statements":{"total":119,"covered":0,"skipped":0,"pct":0},"branches":{"total":86,"covered":0,"skipped":0,"pct":0}}
,"/home/user/genfeed.ai/apps/server/workers/src/processors/api/queues/post-publish/post-publish.processor.spec.ts": {"lines":{"total":19,"covered":0,"skipped":0,"pct":0},"functions":{"total":5,"covered":0,"skipped":0,"pct":0},"statements":{"total":19,"covered":0,"skipped":0,"pct":0},"branches":{"total":0,"covered":0,"skipped":0,"pct":100}}
,"/home/user/genfeed.ai/apps/server/workers/src/processors/api/queues/post-publish/post-publish.processor.ts": {"lines":{"total":7,"covered":0,"skipped":0,"pct":0},"functions":{"total":4,"covered":0,"skipped":0,"pct":0},"statements":{"total":7,"covered":0,"skipped":0,"pct":0},"branches":{"total":4,"covered":0,"skipped":0,"pct":0}}
,"/home/user/genfeed.ai/apps/server/workers/src/processors/api/queues/reply-bot/reply-bot-polling.processor.spec.ts": {"lines":{"total":94,"covered":0,"skipped":0,"pct":0},"functions":{"total":20,"covered":0,"skipped":0,"pct":0},"statements":{"total":95,"covered":0,"skipped":0,"pct":0},"branches":{"total":0,"covered":0,"skipped":0,"pct":100}}
,"/home/user/genfeed.ai/apps/server/workers/src/processors/api/queues/reply-bot/reply-bot-polling.processor.ts": {"lines":{"total":32,"covered":0,"skipped":0,"pct":0},"functions":{"total":9,"covered":0,"skipped":0,"pct":0},"statements":{"total":33,"covered":0,"skipped":0,"pct":0},"branches":{"total":27,"covered":0,"skipped":0,"pct":0}}
,"/home/user/genfeed.ai/apps/server/workers/src/processors/api/queues/shared/clip-highlight-detector.service.spec.ts": {"lines":{"total":91,"covered":0,"skipped":0,"pct":0},"functions":{"total":26,"covered":0,"skipped":0,"pct":0},"statements":{"total":96,"covered":0,"skipped":0,"pct":0},"branches":{"total":0,"covered":0,"skipped":0,"pct":100}}
,"/home/user/genfeed.ai/apps/server/workers/src/processors/api/queues/shared/clip-highlight-detector.service.ts": {"lines":{"total":29,"covered":0,"skipped":0,"pct":0},"functions":{"total":6,"covered":0,"skipped":0,"pct":0},"statements":{"total":31,"covered":0,"skipped":0,"pct":0},"branches":{"total":12,"covered":0,"skipped":0,"pct":0}}
,"/home/user/genfeed.ai/apps/server/workers/src/processors/api/queues/signup-prefill/signup-prefill.processor.spec.ts": {"lines":{"total":24,"covered":0,"skipped":0,"pct":0},"functions":{"total":6,"covered":0,"skipped":0,"pct":0},"statements":{"total":24,"covered":0,"skipped":0,"pct":0},"branches":{"total":4,"covered":0,"skipped":0,"pct":0}}
,"/home/user/genfeed.ai/apps/server/workers/src/processors/api/queues/signup-prefill/signup-prefill.processor.ts": {"lines":{"total":12,"covered":0,"skipped":0,"pct":0},"functions":{"total":4,"covered":0,"skipped":0,"pct":0},"statements":{"total":12,"covered":0,"skipped":0,"pct":0},"branches":{"total":6,"covered":0,"skipped":0,"pct":0}}
,"/home/user/genfeed.ai/apps/server/workers/src/processors/api/queues/social-inbox-sync/social-inbox-sync.processor.spec.ts": {"lines":{"total":18,"covered":0,"skipped":0,"pct":0},"functions":{"total":5,"covered":0,"skipped":0,"pct":0},"statements":{"total":18,"covered":0,"skipped":0,"pct":0},"branches":{"total":0,"covered":0,"skipped":0,"pct":100}}
,"/home/user/genfeed.ai/apps/server/workers/src/processors/api/queues/social-inbox-sync/social-inbox-sync.processor.ts": {"lines":{"total":15,"covered":0,"skipped":0,"pct":0},"functions":{"total":4,"covered":0,"skipped":0,"pct":0},"statements":{"total":16,"covered":0,"skipped":0,"pct":0},"branches":{"total":4,"covered":0,"skipped":0,"pct":0}}
,"/home/user/genfeed.ai/apps/server/workers/src/processors/api/queues/social-reply-campaign/social-reply-campaign.processor.spec.ts": {"lines":{"total":28,"covered":0,"skipped":0,"pct":0},"functions":{"total":7,"covered":0,"skipped":0,"pct":0},"statements":{"total":29,"covered":0,"skipped":0,"pct":0},"branches":{"total":0,"covered":0,"skipped":0,"pct":100}}
,"/home/user/genfeed.ai/apps/server/workers/src/processors/api/queues/social-reply-campaign/social-reply-campaign.processor.ts": {"lines":{"total":15,"covered":0,"skipped":0,"pct":0},"functions":{"total":4,"covered":0,"skipped":0,"pct":0},"statements":{"total":16,"covered":0,"skipped":0,"pct":0},"branches":{"total":2,"covered":0,"skipped":0,"pct":0}}
,"/home/user/genfeed.ai/apps/server/workers/src/processors/api/queues/telegram-distribute/telegram-distribute.processor.spec.ts": {"lines":{"total":41,"covered":0,"skipped":0,"pct":0},"functions":{"total":10,"covered":0,"skipped":0,"pct":0},"statements":{"total":42,"covered":0,"skipped":0,"pct":0},"branches":{"total":0,"covered":0,"skipped":0,"pct":100}}
,"/home/user/genfeed.ai/apps/server/workers/src/processors/api/queues/telegram-distribute/telegram-distribute.processor.ts": {"lines":{"total":14,"covered":0,"skipped":0,"pct":0},"functions":{"total":4,"covered":0,"skipped":0,"pct":0},"statements":{"total":15,"covered":0,"skipped":0,"pct":0},"branches":{"total":2,"covered":0,"skipped":0,"pct":0}}
,"/home/user/genfeed.ai/apps/server/workers/src/processors/api/services/agent-campaign/agent-campaign.processors.spec.ts": {"lines":{"total":46,"covered":0,"skipped":0,"pct":0},"functions":{"total":13,"covered":0,"skipped":0,"pct":0},"statements":{"total":46,"covered":0,"skipped":0,"pct":0},"branches":{"total":0,"covered":0,"skipped":0,"pct":100}}
,"/home/user/genfeed.ai/apps/server/workers/src/processors/api/services/agent-campaign/campaign-memory.processor.ts": {"lines":{"total":8,"covered":0,"skipped":0,"pct":0},"functions":{"total":2,"covered":0,"skipped":0,"pct":0},"statements":{"total":8,"covered":0,"skipped":0,"pct":0},"branches":{"total":0,"covered":0,"skipped":0,"pct":100}}
,"/home/user/genfeed.ai/apps/server/workers/src/processors/api/services/agent-campaign/orchestrator.processor.ts": {"lines":{"total":8,"covered":0,"skipped":0,"pct":0},"functions":{"total":2,"covered":0,"skipped":0,"pct":0},"statements":{"total":8,"covered":0,"skipped":0,"pct":0},"branches":{"total":0,"covered":0,"skipped":0,"pct":100}}
,"/home/user/genfeed.ai/apps/server/workers/src/processors/api/services/agent-campaign/trigger-evaluator.processor.ts": {"lines":{"total":8,"covered":0,"skipped":0,"pct":0},"functions":{"total":2,"covered":0,"skipped":0,"pct":0},"statements":{"total":8,"covered":0,"skipped":0,"pct":0},"branches":{"total":0,"covered":0,"skipped":0,"pct":100}}
,"/home/user/genfeed.ai/apps/server/workers/src/processors/api/services/batch-content/batch-content.processor.spec.ts": {"lines":{"total":69,"covered":0,"skipped":0,"pct":0},"functions":{"total":16,"covered":0,"skipped":0,"pct":0},"statements":{"total":69,"covered":0,"skipped":0,"pct":0},"branches":{"total":3,"covered":0,"skipped":0,"pct":0}}
,"/home/user/genfeed.ai/apps/server/workers/src/processors/api/services/batch-content/batch-content.processor.ts": {"lines":{"total":12,"covered":0,"skipped":0,"pct":0},"functions":{"total":2,"covered":0,"skipped":0,"pct":0},"statements":{"total":12,"covered":0,"skipped":0,"pct":0},"branches":{"total":8,"covered":0,"skipped":0,"pct":0}}
,"/home/user/genfeed.ai/apps/server/workers/src/processors/api/services/content-optimization/content-optimization.processor.spec.ts": {"lines":{"total":56,"covered":0,"skipped":0,"pct":0},"functions":{"total":11,"covered":0,"skipped":0,"pct":0},"statements":{"total":58,"covered":0,"skipped":0,"pct":0},"branches":{"total":0,"covered":0,"skipped":0,"pct":100}}
,"/home/user/genfeed.ai/apps/server/workers/src/processors/api/services/content-optimization/content-optimization.processor.ts": {"lines":{"total":30,"covered":0,"skipped":0,"pct":0},"functions":{"total":2,"covered":0,"skipped":0,"pct":0},"statements":{"total":30,"covered":0,"skipped":0,"pct":0},"branches":{"total":11,"covered":0,"skipped":0,"pct":0}}
,"/home/user/genfeed.ai/apps/server/workers/src/processors/api/services/content-orchestration/content-pipeline.processor.spec.ts": {"lines":{"total":33,"covered":0,"skipped":0,"pct":0},"functions":{"total":10,"covered":0,"skipped":0,"pct":0},"statements":{"total":34,"covered":0,"skipped":0,"pct":0},"branches":{"total":0,"covered":0,"skipped":0,"pct":100}}
,"/home/user/genfeed.ai/apps/server/workers/src/processors/api/services/content-orchestration/content-pipeline.processor.ts": {"lines":{"total":17,"covered":0,"skipped":0,"pct":0},"functions":{"total":2,"covered":0,"skipped":0,"pct":0},"statements":{"total":17,"covered":0,"skipped":0,"pct":0},"branches":{"total":3,"covered":0,"skipped":0,"pct":0}}
,"/home/user/genfeed.ai/apps/server/workers/src/processors/api/services/task-orchestration/workspace-task.processor.spec.ts": {"lines":{"total":51,"covered":0,"skipped":0,"pct":0},"functions":{"total":12,"covered":0,"skipped":0,"pct":0},"statements":{"total":51,"covered":0,"skipped":0,"pct":0},"branches":{"total":0,"covered":0,"skipped":0,"pct":100}}
,"/home/user/genfeed.ai/apps/server/workers/src/processors/api/services/task-orchestration/workspace-task.processor.ts": {"lines":{"total":46,"covered":0,"skipped":0,"pct":0},"functions":{"total":9,"covered":0,"skipped":0,"pct":0},"statements":{"total":46,"covered":0,"skipped":0,"pct":0},"branches":{"total":36,"covered":0,"skipped":0,"pct":0}}
,"/home/user/genfeed.ai/apps/server/workers/src/processors/api/services/webhook-client/webhook-client.processor.spec.ts": {"lines":{"total":104,"covered":0,"skipped":0,"pct":0},"functions":{"total":21,"covered":0,"skipped":0,"pct":0},"statements":{"total":109,"covered":0,"skipped":0,"pct":0},"branches":{"total":6,"covered":0,"skipped":0,"pct":0}}
,"/home/user/genfeed.ai/apps/server/workers/src/processors/api/services/webhook-client/webhook-client.processor.ts": {"lines":{"total":38,"covered":0,"skipped":0,"pct":0},"functions":{"total":7,"covered":0,"skipped":0,"pct":0},"statements":{"total":38,"covered":0,"skipped":0,"pct":0},"branches":{"total":25,"covered":0,"skipped":0,"pct":0}}
,"/home/user/genfeed.ai/apps/server/workers/src/queues/queues.module.ts": {"lines":{"total":2,"covered":0,"skipped":0,"pct":0},"functions":{"total":1,"covered":0,"skipped":0,"pct":0},"statements":{"total":2,"covered":0,"skipped":0,"pct":0},"branches":{"total":0,"covered":0,"skipped":0,"pct":100}}
,"/home/user/genfeed.ai/apps/server/workers/src/scheduling/cron-scheduler-control.service.spec.ts": {"lines":{"total":24,"covered":0,"skipped":0,"pct":0},"functions":{"total":5,"covered":0,"skipped":0,"pct":0},"statements":{"total":24,"covered":0,"skipped":0,"pct":0},"branches":{"total":0,"covered":0,"skipped":0,"pct":100}}
,"/home/user/genfeed.ai/apps/server/workers/src/scheduling/cron-scheduler-control.service.ts": {"lines":{"total":10,"covered":0,"skipped":0,"pct":0},"functions":{"total":2,"covered":0,"skipped":0,"pct":0},"statements":{"total":11,"covered":0,"skipped":0,"pct":0},"branches":{"total":2,"covered":0,"skipped":0,"pct":0}}
,"/home/user/genfeed.ai/apps/server/workers/src/scheduling/system-sweep-scheduler.service.spec.ts": {"lines":{"total":21,"covered":0,"skipped":0,"pct":0},"functions":{"total":5,"covered":0,"skipped":0,"pct":0},"statements":{"total":21,"covered":0,"skipped":0,"pct":0},"branches":{"total":0,"covered":0,"skipped":0,"pct":100}}
,"/home/user/genfeed.ai/apps/server/workers/src/scheduling/system-sweep-scheduler.service.ts": {"lines":{"total":20,"covered":0,"skipped":0,"pct":0},"functions":{"total":5,"covered":0,"skipped":0,"pct":0},"statements":{"total":21,"covered":0,"skipped":0,"pct":0},"branches":{"total":6,"covered":0,"skipped":0,"pct":0}}
,"/home/user/genfeed.ai/apps/server/workers/src/scheduling/system-sweeps.constants.ts": {"lines":{"total":3,"covered":0,"skipped":0,"pct":0},"functions":{"total":0,"covered":0,"skipped":0,"pct":100},"statements":{"total":3,"covered":0,"skipped":0,"pct":0},"branches":{"total":0,"covered":0,"skipped":0,"pct":100}}
,"/home/user/genfeed.ai/apps/server/workers/src/scheduling/system-sweeps.module.ts": {"lines":{"total":0,"covered":0,"skipped":0,"pct":100},"functions":{"total":0,"covered":0,"skipped":0,"pct":100},"statements":{"total":0,"covered":0,"skipped":0,"pct":100},"branches":{"total":0,"covered":0,"skipped":0,"pct":100}}
,"/home/user/genfeed.ai/apps/server/workers/src/scheduling/system-sweeps.processor.spec.ts": {"lines":{"total":43,"covered":0,"skipped":0,"pct":0},"functions":{"total":12,"covered":0,"skipped":0,"pct":0},"statements":{"total":43,"covered":0,"skipped":0,"pct":0},"branches":{"total":0,"covered":0,"skipped":0,"pct":100}}
,"/home/user/genfeed.ai/apps/server/workers/src/scheduling/system-sweeps.processor.ts": {"lines":{"total":20,"covered":0,"skipped":0,"pct":0},"functions":{"total":2,"covered":0,"skipped":0,"pct":0},"statements":{"total":20,"covered":0,"skipped":0,"pct":0},"branches":{"total":10,"covered":0,"skipped":0,"pct":0}}
,"/home/user/genfeed.ai/apps/server/workers/src/services/ads-services.module.spec.ts": {"lines":{"total":5,"covered":0,"skipped":0,"pct":0},"functions":{"total":2,"covered":0,"skipped":0,"pct":0},"statements":{"total":5,"covered":0,"skipped":0,"pct":0},"branches":{"total":0,"covered":0,"skipped":0,"pct":100}}
,"/home/user/genfeed.ai/apps/server/workers/src/services/ads-services.module.ts": {"lines":{"total":1,"covered":0,"skipped":0,"pct":0},"functions":{"total":0,"covered":0,"skipped":0,"pct":100},"statements":{"total":1,"covered":0,"skipped":0,"pct":0},"branches":{"total":0,"covered":0,"skipped":0,"pct":100}}
,"/home/user/genfeed.ai/apps/server/workers/src/services/file-services.module.ts": {"lines":{"total":1,"covered":1,"skipped":0,"pct":100},"functions":{"total":0,"covered":0,"skipped":0,"pct":100},"statements":{"total":1,"covered":1,"skipped":0,"pct":100},"branches":{"total":0,"covered":0,"skipped":0,"pct":100}}
,"/home/user/genfeed.ai/apps/server/workers/src/services/generation-services.module.ts": {"lines":{"total":1,"covered":0,"skipped":0,"pct":0},"functions":{"total":0,"covered":0,"skipped":0,"pct":100},"statements":{"total":1,"covered":0,"skipped":0,"pct":0},"branches":{"total":0,"covered":0,"skipped":0,"pct":100}}
,"/home/user/genfeed.ai/apps/server/workers/src/services/model-discovery.service.spec.ts": {"lines":{"total":103,"covered":0,"skipped":0,"pct":0},"functions":{"total":27,"covered":0,"skipped":0,"pct":0},"statements":{"total":105,"covered":0,"skipped":0,"pct":0},"branches":{"total":0,"covered":0,"skipped":0,"pct":100}}
,"/home/user/genfeed.ai/apps/server/workers/src/services/model-discovery.service.ts": {"lines":{"total":99,"covered":1,"skipped":0,"pct":1.01},"functions":{"total":12,"covered":0,"skipped":0,"pct":0},"statements":{"total":100,"covered":1,"skipped":0,"pct":1},"branches":{"total":68,"covered":0,"skipped":0,"pct":0}}
,"/home/user/genfeed.ai/apps/server/workers/src/services/model-pricing.service.spec.ts": {"lines":{"total":80,"covered":0,"skipped":0,"pct":0},"functions":{"total":26,"covered":0,"skipped":0,"pct":0},"statements":{"total":80,"covered":0,"skipped":0,"pct":0},"branches":{"total":0,"covered":0,"skipped":0,"pct":100}}
,"/home/user/genfeed.ai/apps/server/workers/src/services/model-pricing.service.ts": {"lines":{"total":32,"covered":4,"skipped":0,"pct":12.5},"functions":{"total":7,"covered":0,"skipped":0,"pct":0},"statements":{"total":32,"covered":4,"skipped":0,"pct":12.5},"branches":{"total":28,"covered":0,"skipped":0,"pct":0}}
,"/home/user/genfeed.ai/apps/server/workers/src/services/platform-margin.service.spec.ts": {"lines":{"total":24,"covered":0,"skipped":0,"pct":0},"functions":{"total":6,"covered":0,"skipped":0,"pct":0},"statements":{"total":24,"covered":0,"skipped":0,"pct":0},"branches":{"total":0,"covered":0,"skipped":0,"pct":100}}
,"/home/user/genfeed.ai/apps/server/workers/src/services/platform-margin.service.ts": {"lines":{"total":12,"covered":0,"skipped":0,"pct":0},"functions":{"total":2,"covered":0,"skipped":0,"pct":0},"statements":{"total":13,"covered":0,"skipped":0,"pct":0},"branches":{"total":2,"covered":0,"skipped":0,"pct":0}}
,"/home/user/genfeed.ai/apps/server/workers/src/services/post-repeat-scheduler.service.spec.ts": {"lines":{"total":70,"covered":0,"skipped":0,"pct":0},"functions":{"total":14,"covered":0,"skipped":0,"pct":0},"statements":{"total":70,"covered":0,"skipped":0,"pct":0},"branches":{"total":0,"covered":0,"skipped":0,"pct":100}}
,"/home/user/genfeed.ai/apps/server/workers/src/services/post-repeat-scheduler.service.ts": {"lines":{"total":74,"covered":0,"skipped":0,"pct":0},"functions":{"total":11,"covered":0,"skipped":0,"pct":0},"statements":{"total":76,"covered":0,"skipped":0,"pct":0},"branches":{"total":75,"covered":0,"skipped":0,"pct":0}}
,"/home/user/genfeed.ai/apps/server/workers/src/services/release-recurrence-materializer.service.spec.ts": {"lines":{"total":75,"covered":0,"skipped":0,"pct":0},"functions":{"total":11,"covered":0,"skipped":0,"pct":0},"statements":{"total":75,"covered":0,"skipped":0,"pct":0},"branches":{"total":6,"covered":0,"skipped":0,"pct":0}}
,"/home/user/genfeed.ai/apps/server/workers/src/services/release-recurrence-materializer.service.ts": {"lines":{"total":92,"covered":2,"skipped":0,"pct":2.17},"functions":{"total":25,"covered":0,"skipped":0,"pct":0},"statements":{"total":94,"covered":2,"skipped":0,"pct":2.12},"branches":{"total":78,"covered":0,"skipped":0,"pct":0}}
,"/home/user/genfeed.ai/apps/server/workers/src/services/scheduled-post-execution-guard.service.spec.ts": {"lines":{"total":40,"covered":0,"skipped":0,"pct":0},"functions":{"total":12,"covered":0,"skipped":0,"pct":0},"statements":{"total":40,"covered":0,"skipped":0,"pct":0},"branches":{"total":0,"covered":0,"skipped":0,"pct":100}}
,"/home/user/genfeed.ai/apps/server/workers/src/services/scheduled-post-execution-guard.service.ts": {"lines":{"total":33,"covered":27,"skipped":0,"pct":81.81},"functions":{"total":4,"covered":4,"skipped":0,"pct":100},"statements":{"total":33,"covered":27,"skipped":0,"pct":81.81},"branches":{"total":29,"covered":22,"skipped":0,"pct":75.86}}
,"/home/user/genfeed.ai/apps/server/workers/src/services/scheduled-post-queue.service.spec.ts": {"lines":{"total":56,"covered":0,"skipped":0,"pct":0},"functions":{"total":11,"covered":0,"skipped":0,"pct":0},"statements":{"total":56,"covered":0,"skipped":0,"pct":0},"branches":{"total":4,"covered":0,"skipped":0,"pct":0}}
,"/home/user/genfeed.ai/apps/server/workers/src/services/scheduled-post-queue.service.ts": {"lines":{"total":27,"covered":20,"skipped":0,"pct":74.07},"functions":{"total":5,"covered":5,"skipped":0,"pct":100},"statements":{"total":27,"covered":20,"skipped":0,"pct":74.07},"branches":{"total":23,"covered":14,"skipped":0,"pct":60.86}}
,"/home/user/genfeed.ai/apps/server/workers/src/services/scheduled-post.constants.ts": {"lines":{"total":1,"covered":1,"skipped":0,"pct":100},"functions":{"total":0,"covered":0,"skipped":0,"pct":100},"statements":{"total":1,"covered":1,"skipped":0,"pct":100},"branches":{"total":0,"covered":0,"skipped":0,"pct":100}}
,"/home/user/genfeed.ai/apps/server/workers/src/services/scheduled-post.utils.ts": {"lines":{"total":10,"covered":7,"skipped":0,"pct":70},"functions":{"total":1,"covered":1,"skipped":0,"pct":100},"statements":{"total":10,"covered":7,"skipped":0,"pct":70},"branches":{"total":13,"covered":6,"skipped":0,"pct":46.15}}
,"/home/user/genfeed.ai/apps/server/workers/src/services/scheduler-publish-state.service.spec.ts": {"lines":{"total":52,"covered":0,"skipped":0,"pct":0},"functions":{"total":10,"covered":0,"skipped":0,"pct":0},"statements":{"total":52,"covered":0,"skipped":0,"pct":0},"branches":{"total":0,"covered":0,"skipped":0,"pct":100}}
,"/home/user/genfeed.ai/apps/server/workers/src/services/scheduler-publish-state.service.ts": {"lines":{"total":62,"covered":1,"skipped":0,"pct":1.61},"functions":{"total":13,"covered":0,"skipped":0,"pct":0},"statements":{"total":64,"covered":1,"skipped":0,"pct":1.56},"branches":{"total":87,"covered":0,"skipped":0,"pct":0}}
}
